<?xml version="1.0" encoding="UTF-8"?>
<!-- Generated by org.testng.reporters.JUnitXMLReporter -->
<testsuite hostname="Lenovo" name="Test" tests="9" failures="2" timestamp="29 Nov 2018 15:14:06 GMT" time="475.933" errors="0">
  <testcase name="VerifyCartPage" time="43.467" classname="com.flipkart_test.MobilePageTest">
    <failure type="org.openqa.selenium.InvalidSelectorException" message="The given selector _2AkmmA _2Npkh4 _2MWPVK is either invalid or does not result in a WebElement. The following error occurred:
InvalidSelectorError: Compound class names not permitted
Command duration or timeout: 72 milliseconds
For documentation on this error, please visit: http://seleniumhq.org/exceptions/invalid_selector_exception.html
Build info: version: &amp;apos;2.53.1&amp;apos;, revision: &amp;apos;a36b8b1&amp;apos;, time: &amp;apos;2016-06-30 17:37:03&amp;apos;
System info: host: &amp;apos;Lenovo&amp;apos;, ip: &amp;apos;192.168.65.1&amp;apos;, os.name: &amp;apos;Windows 8.1&amp;apos;, os.arch: &amp;apos;amd64&amp;apos;, os.version: &amp;apos;6.3&amp;apos;, java.version: &amp;apos;1.8.0_74&amp;apos;
Driver info: org.openqa.selenium.firefox.FirefoxDriver
Capabilities [{applicationCacheEnabled=true, rotatable=false, handlesAlerts=true, databaseEnabled=true, version=47.0.2, platform=WINDOWS, nativeEvents=false, acceptSslCerts=true, webStorageEnabled=true, locationContextEnabled=true, browserName=firefox, takesScreenshot=true, javascriptEnabled=true, cssSelectorsEnabled=true}]
Session ID: f47bbe9a-c67b-47a7-aef7-c165ef706100
*** Element info: {Using=class name, value=_2AkmmA _2Npkh4 _2MWPVK}">
      <![CDATA[org.openqa.selenium.InvalidSelectorException: The given selector _2AkmmA _2Npkh4 _2MWPVK is either invalid or does not result in a WebElement. The following error occurred:
InvalidSelectorError: Compound class names not permitted
Command duration or timeout: 72 milliseconds
For documentation on this error, please visit: http://seleniumhq.org/exceptions/invalid_selector_exception.html
Build info: version: '2.53.1', revision: 'a36b8b1', time: '2016-06-30 17:37:03'
System info: host: 'Lenovo', ip: '192.168.65.1', os.name: 'Windows 8.1', os.arch: 'amd64', os.version: '6.3', java.version: '1.8.0_74'
Driver info: org.openqa.selenium.firefox.FirefoxDriver
Capabilities [{applicationCacheEnabled=true, rotatable=false, handlesAlerts=true, databaseEnabled=true, version=47.0.2, platform=WINDOWS, nativeEvents=false, acceptSslCerts=true, webStorageEnabled=true, locationContextEnabled=true, browserName=firefox, takesScreenshot=true, javascriptEnabled=true, cssSelectorsEnabled=true}]
Session ID: f47bbe9a-c67b-47a7-aef7-c165ef706100
*** Element info: {Using=class name, value=_2AkmmA _2Npkh4 _2MWPVK}
	at org.openqa.selenium.remote.ErrorHandler.createThrowable(ErrorHandler.java:206)
	at org.openqa.selenium.remote.ErrorHandler.throwIfResponseFailed(ErrorHandler.java:158)
	at org.openqa.selenium.remote.RemoteWebDriver.execute(RemoteWebDriver.java:678)
	at org.openqa.selenium.remote.RemoteWebDriver.findElement(RemoteWebDriver.java:363)
	at org.openqa.selenium.remote.RemoteWebDriver.findElementByClassName(RemoteWebDriver.java:477)
	at org.openqa.selenium.By$ByClassName.findElement(By.java:391)
	at org.openqa.selenium.remote.RemoteWebDriver.findElement(RemoteWebDriver.java:355)
	at org.openqa.selenium.support.pagefactory.DefaultElementLocator.findElement(DefaultElementLocator.java:69)
	at org.openqa.selenium.support.pagefactory.internal.LocatingElementHandler.invoke(LocatingElementHandler.java:38)
	at com.sun.proxy.$Proxy7.click(Unknown Source)
	at com.flipkart_pom.MobilePage.ClickOnCart(MobilePage.java:196)
	at com.flipkart_test.MobilePageTest.VerifyCartPage(MobilePageTest.java:132)
Caused by: org.openqa.selenium.InvalidSelectorException: The given selector _2AkmmA _2Npkh4 _2MWPVK is either invalid or does not result in a WebElement. The following error occurred:
InvalidSelectorError: Compound class names not permitted
For documentation on this error, please visit: http://seleniumhq.org/exceptions/invalid_selector_exception.html
Build info: version: '2.53.1', revision: 'a36b8b1', time: '2016-06-30 17:37:03'
System info: host: 'Lenovo', ip: '192.168.65.1', os.name: 'Windows 8.1', os.arch: 'amd64', os.version: '6.3', java.version: '1.8.0_74'
Driver info: driver.version: unknown
	at <anonymous class>.FirefoxDriver.annotateInvalidSelectorError_(file:///C:/Users/Owner/AppData/Local/Temp/anonymous6968876772183149083webdriver-profile/extensions/fxdriver@googlecode.com/components/driver-component.js:10744)
	at <anonymous class>.FirefoxDriver.prototype.findElementInternal_(file:///C:/Users/Owner/AppData/Local/Temp/anonymous6968876772183149083webdriver-profile/extensions/fxdriver@googlecode.com/components/driver-component.js:10775)
	at <anonymous class>.FirefoxDriver.prototype.findElement(file:///C:/Users/Owner/AppData/Local/Temp/anonymous6968876772183149083webdriver-profile/extensions/fxdriver@googlecode.com/components/driver-component.js:10779)
	at <anonymous class>.DelayedCommand.prototype.executeInternal_/h(file:///C:/Users/Owner/AppData/Local/Temp/anonymous6968876772183149083webdriver-profile/extensions/fxdriver@googlecode.com/components/command-processor.js:12661)
	at <anonymous class>.DelayedCommand.prototype.executeInternal_(file:///C:/Users/Owner/AppData/Local/Temp/anonymous6968876772183149083webdriver-profile/extensions/fxdriver@googlecode.com/components/command-processor.js:12666)
	at <anonymous class>.DelayedCommand.prototype.execute/<(file:///C:/Users/Owner/AppData/Local/Temp/anonymous6968876772183149083webdriver-profile/extensions/fxdriver@googlecode.com/components/command-processor.js:12608)
... Removed 28 stack frames]]>
    </failure>
  </testcase> <!-- VerifyCartPage -->
  <testcase name="VerifyDetailsAreOnOpenOnNewTab" time="40.95" classname="com.flipkart_test.MobilePageTest"/>
  <testcase name="VerifyOtherBrandWith4GB" time="29.991" classname="com.flipkart_test.MobilePageTest">
    <failure type="org.openqa.selenium.WebDriverException" message="Element is not clickable at point (144, 7.5833282470703125). Other element would receive the click: &amp;lt;div class=&amp;quot;_2OJxl5&amp;quot;&amp;gt;&amp;lt;/div&amp;gt;
Command duration or timeout: 501 milliseconds
Build info: version: &amp;apos;2.53.1&amp;apos;, revision: &amp;apos;a36b8b1&amp;apos;, time: &amp;apos;2016-06-30 17:37:03&amp;apos;
System info: host: &amp;apos;Lenovo&amp;apos;, ip: &amp;apos;192.168.65.1&amp;apos;, os.name: &amp;apos;Windows 8.1&amp;apos;, os.arch: &amp;apos;amd64&amp;apos;, os.version: &amp;apos;6.3&amp;apos;, java.version: &amp;apos;1.8.0_74&amp;apos;
Driver info: org.openqa.selenium.firefox.FirefoxDriver
Capabilities [{applicationCacheEnabled=true, rotatable=false, handlesAlerts=true, databaseEnabled=true, version=47.0.2, platform=WINDOWS, nativeEvents=false, acceptSslCerts=true, webStorageEnabled=true, locationContextEnabled=true, browserName=firefox, takesScreenshot=true, javascriptEnabled=true, cssSelectorsEnabled=true}]
Session ID: 18f69af4-e650-4e49-a7ba-5d80e671472a">
      <![CDATA[org.openqa.selenium.WebDriverException: Element is not clickable at point (144, 7.5833282470703125). Other element would receive the click: <div class="_2OJxl5"></div>
Command duration or timeout: 501 milliseconds
Build info: version: '2.53.1', revision: 'a36b8b1', time: '2016-06-30 17:37:03'
System info: host: 'Lenovo', ip: '192.168.65.1', os.name: 'Windows 8.1', os.arch: 'amd64', os.version: '6.3', java.version: '1.8.0_74'
Driver info: org.openqa.selenium.firefox.FirefoxDriver
Capabilities [{applicationCacheEnabled=true, rotatable=false, handlesAlerts=true, databaseEnabled=true, version=47.0.2, platform=WINDOWS, nativeEvents=false, acceptSslCerts=true, webStorageEnabled=true, locationContextEnabled=true, browserName=firefox, takesScreenshot=true, javascriptEnabled=true, cssSelectorsEnabled=true}]
Session ID: 18f69af4-e650-4e49-a7ba-5d80e671472a
	at org.openqa.selenium.remote.ErrorHandler.createThrowable(ErrorHandler.java:206)
	at org.openqa.selenium.remote.ErrorHandler.throwIfResponseFailed(ErrorHandler.java:158)
	at org.openqa.selenium.remote.RemoteWebDriver.execute(RemoteWebDriver.java:678)
	at org.openqa.selenium.remote.RemoteWebElement.execute(RemoteWebElement.java:327)
	at org.openqa.selenium.remote.RemoteWebElement.click(RemoteWebElement.java:85)
	at org.openqa.selenium.support.pagefactory.internal.LocatingElementHandler.invoke(LocatingElementHandler.java:51)
	at com.sun.proxy.$Proxy7.click(Unknown Source)
	at com.flipkart_pom.MobilePage.ApplyRamAndBrandFilter(MobilePage.java:159)
	at com.flipkart_test.MobilePageTest.VerifyOtherBrandWith4GB(MobilePageTest.java:106)
... Removed 32 stack frames]]>
    </failure>
  </testcase> <!-- VerifyOtherBrandWith4GB -->
  <testcase name="ClickOnMobilePage" time="35.072" classname="com.flipkart_test.MobilePageTest"/>
  <testcase name="VerifyMobilePageBySearch" time="23.658" classname="com.flipkart_test.MobilePageTest"/>
  <testcase name="getFilteredItems" time="25.619" classname="com.flipkart_test.MobilePageTest"/>
  <testcase name="VerifyBrandCheckbox" time="22.293" classname="com.flipkart_test.MobilePageTest"/>
  <testcase name="VerifyFilteredMotoList" time="28.077" classname="com.flipkart_test.MobilePageTest"/>
  <testcase name="LoginTest" time="14.73" classname="com.flipkart_test.FlipkartLogin"/>
</testsuite> <!-- Test -->
